<?xml version="1.0" encoding="UTF-8"?>
<testsuite xmlns:xsi="http://www.w3.org/2001/XMLSchema-instance" xsi:noNamespaceSchemaLocation="https://maven.apache.org/surefire/maven-surefire-plugin/xsd/surefire-test-report-3.0.xsd" version="3.0" name="com.assessment.tests.WrapperTest" time="3.792" tests="1" errors="0" skipped="0" failures="0">
  <properties>
[...]
</properties>
  <testcase name="runMainTest" classname="com.assessment.tests.WrapperTest" time="3.672">
    <system-out><![CDATA[==========================================
RUNNING COMPREHENSIVE UNIT TESTS
==========================================
[Test 3.1] Input Validation (Capacity > 0)... PASSED
[Test 3.2 & 3.3] Concurrency & Sync (Stress Test)... Produced: 0 | Queue State: [0] (Size: 1)
Produced: 1 | Queue State: [0, 1] (Size: 2)
	[Queue] FULL (2/2). Producer waiting...
Consumed: 0 | Queue State: [1] (Size: 1)
Consumed: 1 | Queue State: [] (Size: 0)
	[Queue] EMPTY (0/2). Consumer waiting...
Produced: 2 | Queue State: [2] (Size: 1)
Produced: 3 | Queue State: [2, 3] (Size: 2)
	[Queue] FULL (2/2). Producer waiting...
Consumed: 2 | Queue State: [3] (Size: 1)
Consumed: 3 | Queue State: [] (Size: 0)
	[Queue] EMPTY (0/2). Consumer waiting...
Produced: 4 | Queue State: [4] (Size: 1)
Produced: 5 | Queue State: [4, 5] (Size: 2)
	[Queue] FULL (2/2). Producer waiting...
Consumed: 4 | Queue State: [5] (Size: 1)
Consumed: 5 | Queue State: [] (Size: 0)
	[Queue] EMPTY (0/2). Consumer waiting...
Produced: 6 | Queue State: [6] (Size: 1)
Produced: 7 | Queue State: [6, 7] (Size: 2)
	[Queue] FULL (2/2). Producer waiting...
Consumed: 6 | Queue State: [7] (Size: 1)
Consumed: 7 | Queue State: [] (Size: 0)
	[Queue] EMPTY (0/2). Consumer waiting...
Produced: 8 | Queue State: [8] (Size: 1)
Produced: 9 | Queue State: [8, 9] (Size: 2)
	[Queue] FULL (2/2). Producer waiting...
Consumed: 8 | Queue State: [9] (Size: 1)
Consumed: 9 | Queue State: [] (Size: 0)
	[Queue] EMPTY (0/2). Consumer waiting...
Produced: 10 | Queue State: [10] (Size: 1)
Produced: 11 | Queue State: [10, 11] (Size: 2)
	[Queue] FULL (2/2). Producer waiting...
Consumed: 10 | Queue State: [11] (Size: 1)
Consumed: 11 | Queue State: [] (Size: 0)
	[Queue] EMPTY (0/2). Consumer waiting...
Produced: 12 | Queue State: [12] (Size: 1)
Produced: 13 | Queue State: [12, 13] (Size: 2)
	[Queue] FULL (2/2). Producer waiting...
Consumed: 12 | Queue State: [13] (Size: 1)
Consumed: 13 | Queue State: [] (Size: 0)
	[Queue] EMPTY (0/2). Consumer waiting...
Produced: 14 | Queue State: [14] (Size: 1)
Produced: 15 | Queue State: [14, 15] (Size: 2)
	[Queue] FULL (2/2). Producer waiting...
Consumed: 14 | Queue State: [15] (Size: 1)
Consumed: 15 | Queue State: [] (Size: 0)
	[Queue] EMPTY (0/2). Consumer waiting...
Produced: 16 | Queue State: [16] (Size: 1)
Produced: 17 | Queue State: [16, 17] (Size: 2)
	[Queue] FULL (2/2). Producer waiting...
Consumed: 16 | Queue State: [17] (Size: 1)
Consumed: 17 | Queue State: [] (Size: 0)
	[Queue] EMPTY (0/2). Consumer waiting...
Produced: 18 | Queue State: [18] (Size: 1)
Produced: 19 | Queue State: [18, 19] (Size: 2)
	[Queue] FULL (2/2). Producer waiting...
Consumed: 18 | Queue State: [19] (Size: 1)
Consumed: 19 | Queue State: [] (Size: 0)
	[Queue] EMPTY (0/2). Consumer waiting...
Produced: 20 | Queue State: [20] (Size: 1)
Produced: 21 | Queue State: [20, 21] (Size: 2)
	[Queue] FULL (2/2). Producer waiting...
Consumed: 20 | Queue State: [21] (Size: 1)
Consumed: 21 | Queue State: [] (Size: 0)
	[Queue] EMPTY (0/2). Consumer waiting...
Produced: 22 | Queue State: [22] (Size: 1)
Produced: 23 | Queue State: [22, 23] (Size: 2)
	[Queue] FULL (2/2). Producer waiting...
Consumed: 22 | Queue State: [23] (Size: 1)
Consumed: 23 | Queue State: [] (Size: 0)
	[Queue] EMPTY (0/2). Consumer waiting...
Produced: 24 | Queue State: [24] (Size: 1)
Consumed: 24 | Queue State: [] (Size: 0)
	[Queue] EMPTY (0/2). Consumer waiting...
Produced: 25 | Queue State: [25] (Size: 1)
Produced: 26 | Queue State: [25, 26] (Size: 2)
	[Queue] FULL (2/2). Producer waiting...
Consumed: 25 | Queue State: [26] (Size: 1)
Consumed: 26 | Queue State: [] (Size: 0)
	[Queue] EMPTY (0/2). Consumer waiting...
Produced: 27 | Queue State: [27] (Size: 1)
Produced: 28 | Queue State: [27, 28] (Size: 2)
	[Queue] FULL (2/2). Producer waiting...
Consumed: 27 | Queue State: [28] (Size: 1)
Consumed: 28 | Queue State: [] (Size: 0)
	[Queue] EMPTY (0/2). Consumer waiting...
Produced: 29 | Queue State: [29] (Size: 1)
Produced: 30 | Queue State: [29, 30] (Size: 2)
	[Queue] FULL (2/2). Producer waiting...
Consumed: 29 | Queue State: [30] (Size: 1)
Consumed: 30 | Queue State: [] (Size: 0)
	[Queue] EMPTY (0/2). Consumer waiting...
Produced: 31 | Queue State: [31] (Size: 1)
Produced: 32 | Queue State: [31, 32] (Size: 2)
	[Queue] FULL (2/2). Producer waiting...
Consumed: 31 | Queue State: [32] (Size: 1)
Consumed: 32 | Queue State: [] (Size: 0)
	[Queue] EMPTY (0/2). Consumer waiting...
Produced: 33 | Queue State: [33] (Size: 1)
Produced: 34 | Queue State: [33, 34] (Size: 2)
	[Queue] FULL (2/2). Producer waiting...
Consumed: 33 | Queue State: [34] (Size: 1)
Consumed: 34 | Queue State: [] (Size: 0)
	[Queue] EMPTY (0/2). Consumer waiting...
Produced: 35 | Queue State: [35] (Size: 1)
Produced: 36 | Queue State: [35, 36] (Size: 2)
	[Queue] FULL (2/2). Producer waiting...
Consumed: 35 | Queue State: [36] (Size: 1)
Consumed: 36 | Queue State: [] (Size: 0)
	[Queue] EMPTY (0/2). Consumer waiting...
Produced: 37 | Queue State: [37] (Size: 1)
Produced: 38 | Queue State: [37, 38] (Size: 2)
	[Queue] FULL (2/2). Producer waiting...
Consumed: 37 | Queue State: [38] (Size: 1)
Consumed: 38 | Queue State: [] (Size: 0)
	[Queue] EMPTY (0/2). Consumer waiting...
Produced: 39 | Queue State: [39] (Size: 1)
Produced: 40 | Queue State: [39, 40] (Size: 2)
	[Queue] FULL (2/2). Producer waiting...
Consumed: 39 | Queue State: [40] (Size: 1)
Consumed: 40 | Queue State: [] (Size: 0)
	[Queue] EMPTY (0/2). Consumer waiting...
Produced: 41 | Queue State: [41] (Size: 1)
Produced: 42 | Queue State: [41, 42] (Size: 2)
	[Queue] FULL (2/2). Producer waiting...
Consumed: 41 | Queue State: [42] (Size: 1)
Consumed: 42 | Queue State: [] (Size: 0)
	[Queue] EMPTY (0/2). Consumer waiting...
Produced: 43 | Queue State: [43] (Size: 1)
Produced: 44 | Queue State: [43, 44] (Size: 2)
	[Queue] FULL (2/2). Producer waiting...
Consumed: 43 | Queue State: [44] (Size: 1)
Consumed: 44 | Queue State: [] (Size: 0)
	[Queue] EMPTY (0/2). Consumer waiting...
Produced: 45 | Queue State: [45] (Size: 1)
Produced: 46 | Queue State: [45, 46] (Size: 2)
	[Queue] FULL (2/2). Producer waiting...
Consumed: 45 | Queue State: [46] (Size: 1)
Consumed: 46 | Queue State: [] (Size: 0)
	[Queue] EMPTY (0/2). Consumer waiting...
Produced: 47 | Queue State: [47] (Size: 1)
Produced: 48 | Queue State: [47, 48] (Size: 2)
	[Queue] FULL (2/2). Producer waiting...
Consumed: 47 | Queue State: [48] (Size: 1)
Consumed: 48 | Queue State: [] (Size: 0)
	[Queue] EMPTY (0/2). Consumer waiting...
Produced: 49 | Queue State: [49] (Size: 1)
Produced: 50 | Queue State: [49, 50] (Size: 2)
	[Queue] FULL (2/2). Producer waiting...
Consumed: 49 | Queue State: [50] (Size: 1)
Consumed: 50 | Queue State: [] (Size: 0)
	[Queue] EMPTY (0/2). Consumer waiting...
Produced: 51 | Queue State: [51] (Size: 1)
Produced: 52 | Queue State: [51, 52] (Size: 2)
	[Queue] FULL (2/2). Producer waiting...
Consumed: 51 | Queue State: [52] (Size: 1)
Consumed: 52 | Queue State: [] (Size: 0)
	[Queue] EMPTY (0/2). Consumer waiting...
Produced: 53 | Queue State: [53] (Size: 1)
Produced: 54 | Queue State: [53, 54] (Size: 2)
	[Queue] FULL (2/2). Producer waiting...
Consumed: 53 | Queue State: [54] (Size: 1)
Consumed: 54 | Queue State: [] (Size: 0)
	[Queue] EMPTY (0/2). Consumer waiting...
Produced: 55 | Queue State: [55] (Size: 1)
Produced: 56 | Queue State: [55, 56] (Size: 2)
	[Queue] FULL (2/2). Producer waiting...
Consumed: 55 | Queue State: [56] (Size: 1)
Consumed: 56 | Queue State: [] (Size: 0)
	[Queue] EMPTY (0/2). Consumer waiting...
Produced: 57 | Queue State: [57] (Size: 1)
Produced: 58 | Queue State: [57, 58] (Size: 2)
	[Queue] FULL (2/2). Producer waiting...
Consumed: 57 | Queue State: [58] (Size: 1)
Consumed: 58 | Queue State: [] (Size: 0)
	[Queue] EMPTY (0/2). Consumer waiting...
Produced: 59 | Queue State: [59] (Size: 1)
Produced: 60 | Queue State: [59, 60] (Size: 2)
	[Queue] FULL (2/2). Producer waiting...
Consumed: 59 | Queue State: [60] (Size: 1)
Consumed: 60 | Queue State: [] (Size: 0)
	[Queue] EMPTY (0/2). Consumer waiting...
Produced: 61 | Queue State: [61] (Size: 1)
Produced: 62 | Queue State: [61, 62] (Size: 2)
	[Queue] FULL (2/2). Producer waiting...
Consumed: 61 | Queue State: [62] (Size: 1)
Consumed: 62 | Queue State: [] (Size: 0)
	[Queue] EMPTY (0/2). Consumer waiting...
Produced: 63 | Queue State: [63] (Size: 1)
Produced: 64 | Queue State: [63, 64] (Size: 2)
	[Queue] FULL (2/2). Producer waiting...
Consumed: 63 | Queue State: [64] (Size: 1)
Consumed: 64 | Queue State: [] (Size: 0)
	[Queue] EMPTY (0/2). Consumer waiting...
Produced: 65 | Queue State: [65] (Size: 1)
Produced: 66 | Queue State: [65, 66] (Size: 2)
	[Queue] FULL (2/2). Producer waiting...
Consumed: 65 | Queue State: [66] (Size: 1)
Consumed: 66 | Queue State: [] (Size: 0)
	[Queue] EMPTY (0/2). Consumer waiting...
Produced: 67 | Queue State: [67] (Size: 1)
Produced: 68 | Queue State: [67, 68] (Size: 2)
	[Queue] FULL (2/2). Producer waiting...
Consumed: 67 | Queue State: [68] (Size: 1)
Consumed: 68 | Queue State: [] (Size: 0)
	[Queue] EMPTY (0/2). Consumer waiting...
Produced: 69 | Queue State: [69] (Size: 1)
Produced: 70 | Queue State: [69, 70] (Size: 2)
	[Queue] FULL (2/2). Producer waiting...
Consumed: 69 | Queue State: [70] (Size: 1)
Consumed: 70 | Queue State: [] (Size: 0)
	[Queue] EMPTY (0/2). Consumer waiting...
Produced: 71 | Queue State: [71] (Size: 1)
Produced: 72 | Queue State: [71, 72] (Size: 2)
	[Queue] FULL (2/2). Producer waiting...
Consumed: 71 | Queue State: [72] (Size: 1)
Consumed: 72 | Queue State: [] (Size: 0)
	[Queue] EMPTY (0/2). Consumer waiting...
Produced: 73 | Queue State: [73] (Size: 1)
Produced: 74 | Queue State: [73, 74] (Size: 2)
	[Queue] FULL (2/2). Producer waiting...
Consumed: 73 | Queue State: [74] (Size: 1)
Consumed: 74 | Queue State: [] (Size: 0)
	[Queue] EMPTY (0/2). Consumer waiting...
Produced: 75 | Queue State: [75] (Size: 1)
Produced: 76 | Queue State: [75, 76] (Size: 2)
	[Queue] FULL (2/2). Producer waiting...
Consumed: 75 | Queue State: [76] (Size: 1)
Consumed: 76 | Queue State: [] (Size: 0)
	[Queue] EMPTY (0/2). Consumer waiting...
Produced: 77 | Queue State: [77] (Size: 1)
Consumed: 77 | Queue State: [] (Size: 0)
	[Queue] EMPTY (0/2). Consumer waiting...
Produced: 78 | Queue State: [78] (Size: 1)
Consumed: 78 | Queue State: [] (Size: 0)
	[Queue] EMPTY (0/2). Consumer waiting...
Produced: 79 | Queue State: [79] (Size: 1)
Consumed: 79 | Queue State: [] (Size: 0)
	[Queue] EMPTY (0/2). Consumer waiting...
Produced: 80 | Queue State: [80] (Size: 1)
Produced: 81 | Queue State: [80, 81] (Size: 2)
	[Queue] FULL (2/2). Producer waiting...
Consumed: 80 | Queue State: [81] (Size: 1)
Consumed: 81 | Queue State: [] (Size: 0)
	[Queue] EMPTY (0/2). Consumer waiting...
Produced: 82 | Queue State: [82] (Size: 1)
Produced: 83 | Queue State: [82, 83] (Size: 2)
	[Queue] FULL (2/2). Producer waiting...
Consumed: 82 | Queue State: [83] (Size: 1)
Consumed: 83 | Queue State: [] (Size: 0)
	[Queue] EMPTY (0/2). Consumer waiting...
Produced: 84 | Queue State: [84] (Size: 1)
Produced: 85 | Queue State: [84, 85] (Size: 2)
	[Queue] FULL (2/2). Producer waiting...
Consumed: 84 | Queue State: [85] (Size: 1)
Consumed: 85 | Queue State: [] (Size: 0)
	[Queue] EMPTY (0/2). Consumer waiting...
Produced: 86 | Queue State: [86] (Size: 1)
Produced: 87 | Queue State: [86, 87] (Size: 2)
	[Queue] FULL (2/2). Producer waiting...
Consumed: 86 | Queue State: [87] (Size: 1)
Consumed: 87 | Queue State: [] (Size: 0)
	[Queue] EMPTY (0/2). Consumer waiting...
Produced: 88 | Queue State: [88] (Size: 1)
Produced: 89 | Queue State: [88, 89] (Size: 2)
	[Queue] FULL (2/2). Producer waiting...
Consumed: 88 | Queue State: [89] (Size: 1)
Consumed: 89 | Queue State: [] (Size: 0)
	[Queue] EMPTY (0/2). Consumer waiting...
Produced: 90 | Queue State: [90] (Size: 1)
Consumed: 90 | Queue State: [] (Size: 0)
	[Queue] EMPTY (0/2). Consumer waiting...
Produced: 91 | Queue State: [91] (Size: 1)
Produced: 92 | Queue State: [91, 92] (Size: 2)
	[Queue] FULL (2/2). Producer waiting...
Consumed: 91 | Queue State: [92] (Size: 1)
Consumed: 92 | Queue State: [] (Size: 0)
	[Queue] EMPTY (0/2). Consumer waiting...
Produced: 93 | Queue State: [93] (Size: 1)
Produced: 94 | Queue State: [93, 94] (Size: 2)
	[Queue] FULL (2/2). Producer waiting...
Consumed: 93 | Queue State: [94] (Size: 1)
Consumed: 94 | Queue State: [] (Size: 0)
	[Queue] EMPTY (0/2). Consumer waiting...
Produced: 95 | Queue State: [95] (Size: 1)
Consumed: 95 | Queue State: [] (Size: 0)
	[Queue] EMPTY (0/2). Consumer waiting...
Produced: 96 | Queue State: [96] (Size: 1)
Produced: 97 | Queue State: [96, 97] (Size: 2)
	[Queue] FULL (2/2). Producer waiting...
Consumed: 96 | Queue State: [97] (Size: 1)
Consumed: 97 | Queue State: [] (Size: 0)
	[Queue] EMPTY (0/2). Consumer waiting...
Produced: 98 | Queue State: [98] (Size: 1)
Produced: 99 | Queue State: [98, 99] (Size: 2)
	[Queue] FULL (2/2). Producer waiting...
Consumed: 98 | Queue State: [99] (Size: 1)
Consumed: 99 | Queue State: [] (Size: 0)
	[Queue] EMPTY (0/2). Consumer waiting...
Produced: -1 | Queue State: [-1] (Size: 1)
Consumed: -1 | Queue State: [] (Size: 0)
PASSED (Transferred 100 items)
[Test 3.4] Producer Blocks when Full... Produced: 1 | Queue State: [1] (Size: 1)
	[Queue] FULL (1/1). Producer waiting...
PASSED (Thread State: WAITING)
[Test 3.5] Consumer Blocks when Empty... 	[Queue] EMPTY (0/1). Consumer waiting...
PASSED (Thread State: WAITING)
[Test 4.0] Real Producer/Consumer Classes... 
[Producer] Starting to process 3 items.
[Producer] Reading from source: 100
Produced: 100 | Queue State: [100] (Size: 1)
[Producer] Reading from source: 200
Produced: 200 | Queue State: [100, 200] (Size: 2)
Consumed: 100 | Queue State: [200] (Size: 1)
	[Destination] Added 100 | Current Dest: [100] (Size: 1)
[Producer] Reading from source: 300
Produced: 300 | Queue State: [200, 300] (Size: 2)
Consumed: 200 | Queue State: [300] (Size: 1)
	[Destination] Added 200 | Current Dest: [100, 200] (Size: 2)
[Producer] Work finished. Sending POISON PILL (-1)...
Produced: -1 | Queue State: [300, -1] (Size: 2)
Consumed: 300 | Queue State: [-1] (Size: 1)
	[Destination] Added 300 | Current Dest: [100, 200, 300] (Size: 3)
Consumed: -1 | Queue State: [] (Size: 0)
[Consumer] Caught POISON PILL. Stopping...
PASSED
[Test 5.0] Main App Execution... Generating 2 unique items...
=== Source Container Generated ===
[44, 91]
==================================

Enter Shared Queue Capacity (Positive Integer): 
=== Starting Simulation ===

[Producer] Starting to process 2 items.
[Producer] Reading from source: 44
Produced: 44 | Queue State: [44] (Size: 1)
[Producer] Reading from source: 91
Produced: 91 | Queue State: [44, 91] (Size: 2)
Consumed: 44 | Queue State: [91] (Size: 1)
	[Destination] Added 44 | Current Dest: [44] (Size: 1)
[Producer] Work finished. Sending POISON PILL (-1)...
Produced: -1 | Queue State: [91, -1] (Size: 2)
Consumed: 91 | Queue State: [-1] (Size: 1)
	[Destination] Added 91 | Current Dest: [44, 91] (Size: 2)
Consumed: -1 | Queue State: [] (Size: 0)
[Consumer] Caught POISON PILL. Stopping...

=== Simulation Complete ===
Source List:      [44, 91]
Destination List: [44, 91]
SUCCESS: Data transfer perfectly matched!
PASSED

==========================================
TEST SUMMARY
==========================================
[PASSED] 3.1 Input Validation
[PASSED] 3.2 Thread Synchronization
[PASSED] 3.3 Concurrent Programming
[PASSED] 3.4 Blocking Queues (Full)
[PASSED] 3.5 Blocking Queues (Empty)
[PASSED] Mech: Wait/Notify Mechanism
[PASSED] 4.0 Real Worker Classes
[PASSED] 5.0 Main App Entry
------------------------------------------
Total: 8 Passed, 0 Failed
==========================================
]]></system-out>
  </testcase>
</testsuite>